0 info it worked if it ends with ok
1 verbose cli [ '/home/joe/.nvm/versions/io.js/v2.2.1/bin/iojs',
1 verbose cli   '/home/joe/.nvm/versions/io.js/v2.2.1/bin/npm',
1 verbose cli   'run',
1 verbose cli   'start' ]
2 info using npm@2.11.0
3 info using node@v2.2.1
4 verbose run-script [ 'prestart', 'start', 'poststart' ]
5 info prestart @
6 info start @
7 verbose unsafe-perm in lifecycle true
8 info @ Failed to exec start script
9 verbose stack Error: @ start: `jspm-server app/app.js`
9 verbose stack Exit status 1
9 verbose stack     at EventEmitter.<anonymous> (/home/joe/.nvm/versions/io.js/v2.2.1/lib/node_modules/npm/lib/utils/lifecycle.js:213:16)
9 verbose stack     at emitTwo (events.js:87:13)
9 verbose stack     at EventEmitter.emit (events.js:172:7)
9 verbose stack     at ChildProcess.<anonymous> (/home/joe/.nvm/versions/io.js/v2.2.1/lib/node_modules/npm/lib/utils/spawn.js:24:14)
9 verbose stack     at emitTwo (events.js:87:13)
9 verbose stack     at ChildProcess.emit (events.js:172:7)
9 verbose stack     at maybeClose (internal/child_process.js:763:16)
9 verbose stack     at Process.ChildProcess._handle.onexit (internal/child_process.js:210:5)
10 verbose pkgid @
11 verbose cwd /home/joe/www/react-es6
12 error Linux 3.13.0-47-generic
13 error argv "/home/joe/.nvm/versions/io.js/v2.2.1/bin/iojs" "/home/joe/.nvm/versions/io.js/v2.2.1/bin/npm" "run" "start"
14 error node v2.2.1
15 error npm  v2.11.0
16 error code ELIFECYCLE
17 error @ start: `jspm-server app/app.js`
17 error Exit status 1
18 error Failed at the @ start script 'jspm-server app/app.js'.
18 error This is most likely a problem with the  package,
18 error not with npm itself.
18 error Tell the author that this fails on your system:
18 error     jspm-server app/app.js
18 error You can get their info via:
18 error     npm owner ls
18 error There is likely additional logging output above.
19 verbose exit [ 1, true ]
